{
  "RSpec": {
    "coverage": {
      "/Users/user/Documents/MA/week_4/battleships/lib/board.rb": [
        1,
        1,
        null,
        1,
        null,
        1,
        null,
        1,
        13,
        13,
        null,
        null,
        1,
        14,
        14,
        131,
        1301,
        null,
        null,
        14,
        null,
        null,
        1,
        4,
        3,
        null,
        1,
        null,
        null,
        null,
        1,
        4,
        15,
        null,
        null,
        1,
        2,
        6,
        null,
        null,
        1,
        2,
        7,
        null,
        null,
        null,
        1,
        1,
        null,
        null,
        1,
        0,
        0,
        0,
        0,
        null,
        0,
        0,
        null,
        null,
        1,
        101,
        null,
        null,
        null
      ],
      "/Users/user/Documents/MA/week_4/battleships/lib/cell.rb": [
        1,
        null,
        1,
        null,
        1,
        null,
        1,
        1304,
        null,
        null,
        1,
        2,
        null,
        null,
        null
      ],
      "/Users/user/Documents/MA/week_4/battleships/lib/water.rb": [
        1,
        null,
        1,
        null,
        1,
        2,
        null,
        null,
        null
      ],
      "/Users/user/Documents/MA/week_4/battleships/lib/miss.rb": [
        1,
        null,
        1,
        1,
        null,
        null,
        null
      ],
      "/Users/user/Documents/MA/week_4/battleships/lib/game_engine.rb": [
        1,
        1,
        1,
        1,
        1,
        1,
        null,
        1,
        null,
        1,
        1,
        null,
        1,
        1,
        null,
        null,
        1,
        1,
        1,
        1,
        null,
        null,
        1,
        1,
        1,
        1,
        null,
        null,
        1,
        1,
        1,
        null,
        null,
        1,
        1,
        1,
        null,
        null,
        1,
        4,
        null,
        null,
        1,
        4,
        4,
        null,
        null,
        1,
        3,
        null,
        null,
        1,
        1,
        1,
        1,
        1,
        1,
        null,
        null,
        1,
        1,
        1,
        1,
        1,
        1,
        null,
        null,
        null,
        1,
        2,
        null,
        null,
        1,
        0,
        0,
        0,
        0,
        0,
        0,
        0,
        null,
        null,
        null,
        1,
        0,
        null,
        null,
        null
      ],
      "/Users/user/Documents/MA/week_4/battleships/lib/player.rb": [
        1,
        1,
        null,
        1,
        null,
        1,
        1,
        null,
        1,
        10,
        10,
        10,
        null,
        null,
        1,
        1,
        null,
        null,
        1,
        1,
        null,
        null,
        null
      ],
      "/Users/user/Documents/MA/week_4/battleships/lib/ship.rb": [
        1,
        null,
        1,
        null,
        1,
        1,
        null,
        1,
        null,
        1,
        25,
        25,
        null,
        null,
        1,
        3,
        3,
        null,
        null,
        1,
        2,
        null,
        null,
        1,
        5,
        null,
        null,
        1,
        5,
        null,
        null,
        1,
        5,
        null,
        null,
        1,
        5,
        null,
        null,
        1,
        5,
        null,
        null,
        null
      ],
      "/Users/user/Documents/MA/week_4/battleships/lib/hit.rb": [
        1,
        null,
        1,
        1,
        null,
        null,
        null
      ]
    },
    "timestamp": 1409259301
  }
}
